C:\Program Files (x86)\Microsoft Visual Studio\2019\Community\MSBuild\Microsoft\VC\v160\Microsoft.CppBuild.targets(513,5): warning MSB8028: O diretório intermediário (x64\Release\) contém arquivos compartilhados de outro projeto (PacMan.vcxproj). Isso pode levar a um comportamento incorreto de limpeza e recompilação.
  compilation object save succeeded; see C:\Users\erick\Desktop\Lab11\copia\A invasão\A invasão\Shaders\Pixel.cso
  compilation object save succeeded; see C:\Users\erick\Desktop\Lab11\copia\A invasão\A invasão\Shaders\Vertex.cso
  Alien.cpp
  Animation.cpp
  Engine.cpp
  Fase1.cpp
  Fase2.cpp
  Game.cpp
  GameOver.cpp
  Geometry.cpp
  Graphics.cpp
  Image.cpp
  Inicio.cpp
  Invasão.cpp
  Missile.cpp
  Object.cpp
  Player.cpp
  Progresso.cpp
  Renderer.cpp
  Scene.cpp
  Sprite.cpp
  Texture.cpp
  Compilando...
  TileSet.cpp
  Timer.cpp
  Window.cpp
  Gerando código
  Previous IPDB not found, fall back to full compilation.
  All 1169 functions were compiled because no usable IPDB/IOBJ from previous compilation was found.
  Finalizada a geração de código
  A invasão.vcxproj -> C:\Users\erick\Desktop\Lab11\copia\A invasão\x64\Release\A invasão.exe
