  Alien.cpp
  Animation.cpp
  Engine.cpp
  Fase1.cpp
  Fase2.cpp
  Game.cpp
  GameOver.cpp
  Geometry.cpp
  Graphics.cpp
  Image.cpp
  Inicio.cpp
  Invasão.cpp
  Missile.cpp
  Object.cpp
  Player.cpp
  Progresso.cpp
  Renderer.cpp
  Scene.cpp
  Sprite.cpp
  Texture.cpp
  Compilando...
  TileSet.cpp
  Timer.cpp
  Window.cpp
  Gerando código
  409 of 779 functions (52.5%) were compiled, the rest were copied from previous compilation.
    8 functions were new in current compilation
    12 functions had inline decision re-evaluated but remain unchanged
  Finalizada a geração de código
  PacMan.vcxproj -> C:\Users\erick\Desktop\Lab11\copia\A invasão\x64\Release\PacMan.exe
